<?xml version="1.0" encoding="UTF-8"?>
<!-- Generated by org.testng.reporters.JUnitXMLReporter -->
<testsuite ignored="2" hostname="Lenovo-PC" failures="0" tests="5" name="Car Loan" time="0.169" errors="0" timestamp="2025-02-06T10:00:43 IST">
  <testcase classname="test.day3" name="MobileLogincarLoan" time="0.008"/>
  <testcase classname="test.day3" name="MobilesignoutcarLoan" time="0.018"/>
  <testcase classname="test.day3" name="MobilesignoutcarLoan" time="0.014"/>
  <testcase classname="test.day3" name="MobilesignoutcarLoan" time="0.006"/>
  <testcase classname="test.day3" name="WebloginCarLoan" time="0.001"/>
  <testcase classname="test.day3" name="APIcarLoan" time="0.0">
    <ignored/>
  </testcase> <!-- APIcarLoan -->
  <testcase classname="test.day3" name="MobilesignimcarLoan" time="0.0">
    <ignored/>
  </testcase> <!-- MobilesignimcarLoan -->
</testsuite> <!-- Car Loan -->
