<?xml version="1.0" encoding="UTF-8"?>
<testng-results ignored="0" total="2" passed="2" failed="0" skipped="0">
  <reporter-output>
  </reporter-output>
  <suite started-at="2025-07-08T09:48:17 IST" name="Default suite" finished-at="2025-07-08T09:48:18 IST" duration-ms="72">
    <groups>
    </groups>
    <test started-at="2025-07-08T09:48:17 IST" name="Default test" finished-at="2025-07-08T09:48:18 IST" duration-ms="72">
      <class name="Temp_Inheretance">
        <test-method is-config="true" signature="before()[pri:0, instance:Temp_Inheretance@47987356]" started-at="2025-07-08T09:48:18 IST" name="before" finished-at="2025-07-08T09:48:18 IST" duration-ms="6" status="PASS">
          <reporter-output>
          </reporter-output>
        </test-method> <!-- before -->
        <test-method signature="tc1()[pri:0, instance:Temp_Inheretance@47987356]" started-at="2025-07-08T09:48:18 IST" name="tc1" finished-at="2025-07-08T09:48:18 IST" duration-ms="8" status="PASS">
          <reporter-output>
          </reporter-output>
        </test-method> <!-- tc1 -->
        <test-method is-config="true" signature="after()[pri:0, instance:Temp_Inheretance@47987356]" started-at="2025-07-08T09:48:18 IST" name="after" finished-at="2025-07-08T09:48:18 IST" duration-ms="1" status="PASS">
          <reporter-output>
          </reporter-output>
        </test-method> <!-- after -->
        <test-method is-config="true" signature="before()[pri:0, instance:Temp_Inheretance@47987356]" started-at="2025-07-08T09:48:18 IST" name="before" finished-at="2025-07-08T09:48:18 IST" duration-ms="1" status="PASS">
          <reporter-output>
          </reporter-output>
        </test-method> <!-- before -->
        <test-method signature="tc2()[pri:0, instance:Temp_Inheretance@47987356]" started-at="2025-07-08T09:48:18 IST" name="tc2" finished-at="2025-07-08T09:48:18 IST" duration-ms="1" status="PASS">
          <reporter-output>
          </reporter-output>
        </test-method> <!-- tc2 -->
        <test-method is-config="true" signature="after()[pri:0, instance:Temp_Inheretance@47987356]" started-at="2025-07-08T09:48:18 IST" name="after" finished-at="2025-07-08T09:48:18 IST" duration-ms="0" status="PASS">
          <reporter-output>
          </reporter-output>
        </test-method> <!-- after -->
      </class> <!-- Temp_Inheretance -->
    </test> <!-- Default test -->
  </suite> <!-- Default suite -->
</testng-results>
