<?xml version="1.0" encoding="UTF-8"?>
<testng-results ignored="3" total="13" passed="10" failed="0" skipped="0">
  <reporter-output>
  </reporter-output>
  <suite started-at="2025-02-06T10:00:42 IST" name="Loan Department" finished-at="2025-02-06T10:00:43 IST" duration-ms="169">
    <groups>
      <group name="Smoke">
        <method signature="day2.ploan()[pri:0, instance:test.day2@6da21078]" name="ploan" class="test.day2"/>
        <method signature="day4.MobileLoginHomeLoan()[pri:0, instance:test.day4@7fee8714]" name="MobileLoginHomeLoan" class="test.day4"/>
        <method signature="day3.MobileLogincarLoan()[pri:0, instance:test.day3@2dc54ad4]" name="MobileLogincarLoan" class="test.day3"/>
      </group> <!-- Smoke -->
    </groups>
    <test started-at="2025-02-06T10:00:42 IST" name="Car Loan" finished-at="2025-02-06T10:00:43 IST" duration-ms="169">
      <class name="test.day3">
        <test-method is-config="true" signature="Bfsuite()[pri:0, instance:test.day3@2dc54ad4]" started-at="2025-02-06T10:00:42 IST" name="Bfsuite" finished-at="2025-02-06T10:00:42 IST" duration-ms="9" status="PASS">
          <reporter-output>
          </reporter-output>
        </test-method> <!-- Bfsuite -->
        <test-method is-config="true" signature="befoclas()[pri:0, instance:test.day3@2dc54ad4]" started-at="2025-02-06T10:00:42 IST" name="befoclas" finished-at="2025-02-06T10:00:42 IST" duration-ms="0" status="PASS">
          <reporter-output>
          </reporter-output>
        </test-method> <!-- befoclas -->
        <test-method is-config="true" signature="beforeevery()[pri:0, instance:test.day3@2dc54ad4]" started-at="2025-02-06T10:00:42 IST" name="beforeevery" finished-at="2025-02-06T10:00:42 IST" duration-ms="1" status="PASS">
          <reporter-output>
          </reporter-output>
        </test-method> <!-- beforeevery -->
        <test-method signature="MobileLogincarLoan()[pri:0, instance:test.day3@2dc54ad4]" started-at="2025-02-06T10:00:42 IST" name="MobileLogincarLoan" finished-at="2025-02-06T10:00:42 IST" duration-ms="8" status="PASS">
          <reporter-output>
          </reporter-output>
        </test-method> <!-- MobileLogincarLoan -->
        <test-method is-config="true" signature="afterevery()[pri:0, instance:test.day3@2dc54ad4]" started-at="2025-02-06T10:00:42 IST" name="afterevery" finished-at="2025-02-06T10:00:42 IST" duration-ms="1" status="PASS">
          <reporter-output>
          </reporter-output>
        </test-method> <!-- afterevery -->
        <test-method is-config="true" signature="beforeevery()[pri:0, instance:test.day3@2dc54ad4]" started-at="2025-02-06T10:00:43 IST" name="beforeevery" finished-at="2025-02-06T10:00:43 IST" duration-ms="4" status="PASS">
          <reporter-output>
          </reporter-output>
        </test-method> <!-- beforeevery -->
        <test-method signature="MobilesignoutcarLoan(java.lang.String,java.lang.String)[pri:0, instance:test.day3@2dc54ad4]" started-at="2025-02-06T10:00:43 IST" name="MobilesignoutcarLoan" data-provider="getData" finished-at="2025-02-06T10:00:43 IST" duration-ms="18" status="PASS">
          <params>
            <param index="0">
              <value>
                <![CDATA[firstsetusername]]>
              </value>
            </param>
            <param index="1">
              <value>
                <![CDATA[firstpassword]]>
              </value>
            </param>
          </params>
          <reporter-output>
          </reporter-output>
        </test-method> <!-- MobilesignoutcarLoan -->
        <test-method is-config="true" signature="afterevery()[pri:0, instance:test.day3@2dc54ad4]" started-at="2025-02-06T10:00:43 IST" name="afterevery" finished-at="2025-02-06T10:00:43 IST" duration-ms="0" status="PASS">
          <reporter-output>
          </reporter-output>
        </test-method> <!-- afterevery -->
        <test-method is-config="true" signature="beforeevery()[pri:0, instance:test.day3@2dc54ad4]" started-at="2025-02-06T10:00:43 IST" name="beforeevery" finished-at="2025-02-06T10:00:43 IST" duration-ms="0" status="PASS">
          <reporter-output>
          </reporter-output>
        </test-method> <!-- beforeevery -->
        <test-method signature="MobilesignoutcarLoan(java.lang.String,java.lang.String)[pri:0, instance:test.day3@2dc54ad4]" started-at="2025-02-06T10:00:43 IST" name="MobilesignoutcarLoan" data-provider="getData" finished-at="2025-02-06T10:00:43 IST" duration-ms="14" status="PASS">
          <params>
            <param index="0">
              <value>
                <![CDATA[secondsetusername]]>
              </value>
            </param>
            <param index="1">
              <value>
                <![CDATA[secondpassword]]>
              </value>
            </param>
          </params>
          <reporter-output>
          </reporter-output>
        </test-method> <!-- MobilesignoutcarLoan -->
        <test-method is-config="true" signature="afterevery()[pri:0, instance:test.day3@2dc54ad4]" started-at="2025-02-06T10:00:43 IST" name="afterevery" finished-at="2025-02-06T10:00:43 IST" duration-ms="1" status="PASS">
          <reporter-output>
          </reporter-output>
        </test-method> <!-- afterevery -->
        <test-method is-config="true" signature="beforeevery()[pri:0, instance:test.day3@2dc54ad4]" started-at="2025-02-06T10:00:43 IST" name="beforeevery" finished-at="2025-02-06T10:00:43 IST" duration-ms="0" status="PASS">
          <reporter-output>
          </reporter-output>
        </test-method> <!-- beforeevery -->
        <test-method signature="MobilesignoutcarLoan(java.lang.String,java.lang.String)[pri:0, instance:test.day3@2dc54ad4]" started-at="2025-02-06T10:00:43 IST" name="MobilesignoutcarLoan" data-provider="getData" finished-at="2025-02-06T10:00:43 IST" duration-ms="6" status="PASS">
          <params>
            <param index="0">
              <value>
                <![CDATA[thirdsetusername]]>
              </value>
            </param>
            <param index="1">
              <value>
                <![CDATA[thirdpassword]]>
              </value>
            </param>
          </params>
          <reporter-output>
          </reporter-output>
        </test-method> <!-- MobilesignoutcarLoan -->
        <test-method is-config="true" signature="afterevery()[pri:0, instance:test.day3@2dc54ad4]" started-at="2025-02-06T10:00:43 IST" name="afterevery" finished-at="2025-02-06T10:00:43 IST" duration-ms="0" status="PASS">
          <reporter-output>
          </reporter-output>
        </test-method> <!-- afterevery -->
        <test-method is-config="true" signature="beforeevery()[pri:0, instance:test.day3@2dc54ad4]" started-at="2025-02-06T10:00:43 IST" name="beforeevery" finished-at="2025-02-06T10:00:43 IST" duration-ms="1" status="PASS">
          <reporter-output>
          </reporter-output>
        </test-method> <!-- beforeevery -->
        <test-method signature="WebloginCarLoan(java.lang.String,java.lang.String)[pri:0, instance:test.day3@2dc54ad4]" started-at="2025-02-06T10:00:43 IST" name="WebloginCarLoan" finished-at="2025-02-06T10:00:43 IST" duration-ms="1" status="PASS">
          <params>
            <param index="0">
              <value>
                <![CDATA[carloan.com]]>
              </value>
            </param>
            <param index="1">
              <value>
                <![CDATA[123456]]>
              </value>
            </param>
          </params>
          <reporter-output>
          </reporter-output>
        </test-method> <!-- WebloginCarLoan -->
        <test-method is-config="true" signature="afteclas()[pri:0, instance:test.day3@2dc54ad4]" started-at="2025-02-06T10:00:43 IST" name="afteclas" finished-at="2025-02-06T10:00:43 IST" duration-ms="1" status="PASS">
          <reporter-output>
          </reporter-output>
        </test-method> <!-- afteclas -->
        <test-method is-config="true" signature="afterevery()[pri:0, instance:test.day3@2dc54ad4]" started-at="2025-02-06T10:00:43 IST" name="afterevery" finished-at="2025-02-06T10:00:43 IST" duration-ms="0" status="PASS">
          <reporter-output>
          </reporter-output>
        </test-method> <!-- afterevery -->
      </class> <!-- test.day3 -->
      <class name="test.day1">
        <test-method is-config="true" signature="afSyite()[pri:0, instance:test.day1@5562c41e]" started-at="2025-02-06T10:00:43 IST" name="afSyite" finished-at="2025-02-06T10:00:43 IST" duration-ms="2" status="PASS">
          <reporter-output>
          </reporter-output>
        </test-method> <!-- afSyite -->
      </class> <!-- test.day1 -->
    </test> <!-- Car Loan -->
    <test started-at="2025-02-06T10:00:42 IST" name="Personal loan" finished-at="2025-02-06T10:00:43 IST" duration-ms="123">
      <class name="test.day4">
        <test-method signature="LoginAPIHomeLoan()[pri:0, instance:test.day4@7fee8714]" started-at="2025-02-06T10:00:42 IST" name="LoginAPIHomeLoan" finished-at="2025-02-06T10:00:42 IST" duration-ms="2" status="PASS">
          <reporter-output>
          </reporter-output>
        </test-method> <!-- LoginAPIHomeLoan -->
        <test-method signature="MobileLoginHomeLoan()[pri:0, instance:test.day4@7fee8714]" started-at="2025-02-06T10:00:42 IST" name="MobileLoginHomeLoan" finished-at="2025-02-06T10:00:42 IST" duration-ms="2" status="PASS">
          <reporter-output>
          </reporter-output>
        </test-method> <!-- MobileLoginHomeLoan -->
        <test-method signature="WebloginHomeLoan(java.lang.String)[pri:0, instance:test.day4@7fee8714]" started-at="2025-02-06T10:00:42 IST" name="WebloginHomeLoan" finished-at="2025-02-06T10:00:42 IST" duration-ms="2" status="PASS">
          <params>
            <param index="0">
              <value>
                <![CDATA[personalloan.com]]>
              </value>
            </param>
          </params>
          <reporter-output>
          </reporter-output>
        </test-method> <!-- WebloginHomeLoan -->
      </class> <!-- test.day4 -->
      <class name="test.day2">
        <test-method is-config="true" signature="prerequiste()[pri:0, instance:test.day2@6da21078]" started-at="2025-02-06T10:00:42 IST" name="prerequiste" finished-at="2025-02-06T10:00:42 IST" duration-ms="0" status="PASS">
          <reporter-output>
          </reporter-output>
        </test-method> <!-- prerequiste -->
        <test-method signature="ploan()[pri:0, instance:test.day2@6da21078]" started-at="2025-02-06T10:00:42 IST" name="ploan" finished-at="2025-02-06T10:00:42 IST" duration-ms="2" status="PASS">
          <reporter-output>
          </reporter-output>
        </test-method> <!-- ploan -->
      </class> <!-- test.day2 -->
      <class name="test.day1">
        <test-method signature="Demo()[pri:0, instance:test.day1@5562c41e]" started-at="2025-02-06T10:00:42 IST" name="Demo" finished-at="2025-02-06T10:00:42 IST" duration-ms="12" status="PASS">
          <reporter-output>
          </reporter-output>
        </test-method> <!-- Demo -->
        <test-method is-config="true" signature="lastexecution()[pri:0, instance:test.day1@5562c41e]" started-at="2025-02-06T10:00:43 IST" name="lastexecution" finished-at="2025-02-06T10:00:43 IST" duration-ms="0" status="PASS">
          <reporter-output>
          </reporter-output>
        </test-method> <!-- lastexecution -->
      </class> <!-- test.day1 -->
    </test> <!-- Personal loan -->
  </suite> <!-- Loan Department -->
</testng-results>
