<?xml version="1.0" encoding="UTF-8"?>
<testng-results ignored="0" total="1" passed="1" failed="0" skipped="0">
  <reporter-output>
  </reporter-output>
  <suite started-at="2025-02-12T10:48:29 IST" name="Ecommerce_purchase" finished-at="2025-02-12T10:48:58 IST" duration-ms="29446">
    <groups>
    </groups>
    <test started-at="2025-02-12T10:48:29 IST" name="Mobile_shopping" finished-at="2025-02-12T10:48:58 IST" duration-ms="29446">
      <class name="Harsh_Project.Selenium_Framework_Harsh.ShopPage">
        <test-method signature="PageShop()[pri:0, instance:Harsh_Project.Selenium_Framework_Harsh.ShopPage@36328d33]" started-at="2025-02-12T10:48:29 IST" name="PageShop" finished-at="2025-02-12T10:48:58 IST" duration-ms="29391" status="PASS">
          <reporter-output>
          </reporter-output>
        </test-method> <!-- PageShop -->
      </class> <!-- Harsh_Project.Selenium_Framework_Harsh.ShopPage -->
    </test> <!-- Mobile_shopping -->
  </suite> <!-- Ecommerce_purchase -->
</testng-results>
